1649734958263	geckodriver	INFO	Listening on 127.0.0.1:62424
1649734961346	mozrunner::runner	INFO	Running command: "C:\\Program Files\\Mozilla Firefox\\firefox.exe" "--marionette" "-headless" "--remote-debugging-port" "62425" "--remote-allow-hosts" "localhost" "-no-remote" "-profile" "C:\\Users\\Chris\\AppData\\Local\\Temp\\rust_mozprofilen8w1aY"
*** You are running in headless mode.
1649734961547	Marionette	INFO	Marionette enabled
[GFX1-]: RenderCompositorSWGL failed mapping default framebuffer, no dt
console.warn: SearchSettings: "get: No settings file exists, new profile?" (new NotFoundError("Could not open the file at C:\\Users\\Chris\\AppData\\Local\\Temp\\rust_mozprofilen8w1aY\\search.json.mozlz4", (void 0)))
DevTools listening on ws://localhost:62425/devtools/browser/68bb105f-8261-4f2e-bee1-a8e1ce728ec0
1649734962270	Marionette	INFO	Listening on port 62447
Read port: 62447
1649734962348	RemoteAgent	WARN	TLS certificate errors will be ignored for this session
1649735196306	geckodriver	INFO	Listening on 127.0.0.1:62567
1649735199380	mozrunner::runner	INFO	Running command: "C:\\Program Files\\Mozilla Firefox\\firefox.exe" "--marionette" "-headless" "--remote-debugging-port" "62568" "--remote-allow-hosts" "localhost" "-no-remote" "-profile" "C:\\Users\\Chris\\AppData\\Local\\Temp\\rust_mozprofileXFWXk9"
*** You are running in headless mode.
1649735199585	Marionette	INFO	Marionette enabled
[GFX1-]: RenderCompositorSWGL failed mapping default framebuffer, no dt
console.warn: SearchSettings: "get: No settings file exists, new profile?" (new NotFoundError("Could not open the file at C:\\Users\\Chris\\AppData\\Local\\Temp\\rust_mozprofileXFWXk9\\search.json.mozlz4", (void 0)))
DevTools listening on ws://localhost:62568/devtools/browser/f9b84e56-283e-4b9d-8eb4-aa6bb16e438e
1649735200325	Marionette	INFO	Listening on port 62593
Read port: 62593
1649735200377	RemoteAgent	WARN	TLS certificate errors will be ignored for this session
1649735255494	geckodriver	INFO	Listening on 127.0.0.1:62667
1649735258549	mozrunner::runner	INFO	Running command: "C:\\Program Files\\Mozilla Firefox\\firefox.exe" "--marionette" "-headless" "--remote-debugging-port" "62668" "--remote-allow-hosts" "localhost" "-no-remote" "-profile" "C:\\Users\\Chris\\AppData\\Local\\Temp\\rust_mozprofilegxSGp1"
*** You are running in headless mode.
1649735258762	Marionette	INFO	Marionette enabled
[GFX1-]: RenderCompositorSWGL failed mapping default framebuffer, no dt
console.warn: SearchSettings: "get: No settings file exists, new profile?" (new NotFoundError("Could not open the file at C:\\Users\\Chris\\AppData\\Local\\Temp\\rust_mozprofilegxSGp1\\search.json.mozlz4", (void 0)))
DevTools listening on ws://localhost:62668/devtools/browser/652bba10-0670-4436-aa2b-4746c9bff632
1649735259555	Marionette	INFO	Listening on port 62691
Read port: 62691
1649735259664	RemoteAgent	WARN	TLS certificate errors will be ignored for this session
1649735301080	Marionette	INFO	Stopped listening on port 62691

###!!! [Parent][PImageBridgeParent] Error: RunMessage(msgname=PImageBridge::Msg_WillClose) Channel closing: too late to send/recv, messages will be lost

1651119895198	geckodriver	INFO	Listening on 127.0.0.1:55017
1651119898260	mozrunner::runner	INFO	Running command: "C:\\Program Files\\Mozilla Firefox\\firefox.exe" "--marionette" "-headless" "--remote-debugging-port" "55018" "--remote-allow-hosts" "localhost" "-no-remote" "-profile" "C:\\Users\\Chris\\AppData\\Local\\Temp\\rust_mozprofileDy4B5K"
*** You are running in headless mode.
1651119898478	Marionette	INFO	Marionette enabled
[GFX1-]: RenderCompositorSWGL failed mapping default framebuffer, no dt
console.warn: SearchSettings: "get: No settings file exists, new profile?" (new NotFoundError("Could not open the file at C:\\Users\\Chris\\AppData\\Local\\Temp\\rust_mozprofileDy4B5K\\search.json.mozlz4", (void 0)))
DevTools listening on ws://localhost:55018/devtools/browser/d0dfb494-657e-4d86-8f79-819ca8781cf5
1651119899212	Marionette	INFO	Listening on port 55040
Read port: 55040
1651119899260	RemoteAgent	WARN	TLS certificate errors will be ignored for this session
1651119911497	Marionette	INFO	Stopped listening on port 55040
1651119918350	geckodriver	INFO	Listening on 127.0.0.1:55113
1651119921428	mozrunner::runner	INFO	Running command: "C:\\Program Files\\Mozilla Firefox\\firefox.exe" "--marionette" "-headless" "--remote-debugging-port" "55114" "--remote-allow-hosts" "localhost" "-no-remote" "-profile" "C:\\Users\\Chris\\AppData\\Local\\Temp\\rust_mozprofileHb7HIE"
*** You are running in headless mode.
1651119921643	Marionette	INFO	Marionette enabled
[GFX1-]: RenderCompositorSWGL failed mapping default framebuffer, no dt
console.warn: SearchSettings: "get: No settings file exists, new profile?" (new NotFoundError("Could not open the file at C:\\Users\\Chris\\AppData\\Local\\Temp\\rust_mozprofileHb7HIE\\search.json.mozlz4", (void 0)))
DevTools listening on ws://localhost:55114/devtools/browser/1c93ea35-28f3-415b-819a-82b258c5c4b4
1651119922394	Marionette	INFO	Listening on port 55135
Read port: 55135
1651119922426	RemoteAgent	WARN	TLS certificate errors will be ignored for this session
1651119926408	Marionette	INFO	Stopped listening on port 55135

###!!! [Parent][PContentParent] Error: Send(msgname=PContent::Reply_DiscardBrowsingContext) Closed channel: cannot send/recv


###!!! [Parent][PContentParent] Error: Send(msgname=PContent::Reply_DiscardBrowsingContext) Closed channel: cannot send/recv


###!!! [Parent][PContentParent] Error: Send(msgname=PContent::Reply_DiscardBrowsingContext) Closed channel: cannot send/recv


###!!! [Parent][PContentParent] Error: Send(msgname=PContent::Reply_DiscardBrowsingContext) Closed channel: cannot send/recv


###!!! [Parent][PContentParent] Error: Send(msgname=PContent::Msg_DestroyBrowsingContextGroup) Closed channel: cannot send/recv

JavaScript error: resource://gre/modules/Sqlite.jsm, line 1105: Error: Sqlite.jsm has been shutdown. Cannot open connection to: C:\Users\Chris\AppData\Local\Temp\rust_mozprofileHb7HIE\protections.sqlite

###!!! [Parent][PImageBridgeParent] Error: RunMessage(msgname=PImageBridge::Msg_WillClose) Channel closing: too late to send/recv, messages will be lost

